Using pre-set license
Built from '2022.3/release' branch; Version is '2022.3.5f1 (9674261d40ee) revision 9860134'; Using compiler version '192829333'; Build Type 'Release'
OS: 'Windows 11  (10.0.22631) 64bit Professional' Language: 'es' Physical Memory: 16232 MB
BatchMode: 1, IsHumanControllingUs: 0, StartBugReporterOnCrash: 0, Is64bit: 1, IsPro: 1

COMMAND LINE ARGUMENTS:
C:\Program Files\Unity\Hub\Editor\2022.3.5f1\Editor\Unity.exe
-adb2
-batchMode
-noUpm
-name
AssetImportWorker0
-projectPath
C:/Users/Electro pc/Desktop/My project (3)
-logFile
Logs/AssetImportWorker0.log
-srvPort
7420
Successfully changed project path to: C:/Users/Electro pc/Desktop/My project (3)
C:/Users/Electro pc/Desktop/My project (3)
[UnityMemory] Configuration Parameters - Can be set up in boot.config
    "memorysetup-bucket-allocator-granularity=16"
    "memorysetup-bucket-allocator-bucket-count=8"
    "memorysetup-bucket-allocator-block-size=33554432"
    "memorysetup-bucket-allocator-block-count=8"
    "memorysetup-main-allocator-block-size=16777216"
    "memorysetup-thread-allocator-block-size=16777216"
    "memorysetup-gfx-main-allocator-block-size=16777216"
    "memorysetup-gfx-thread-allocator-block-size=16777216"
    "memorysetup-cache-allocator-block-size=4194304"
    "memorysetup-typetree-allocator-block-size=2097152"
    "memorysetup-profiler-bucket-allocator-granularity=16"
    "memorysetup-profiler-bucket-allocator-bucket-count=8"
    "memorysetup-profiler-bucket-allocator-block-size=33554432"
    "memorysetup-profiler-bucket-allocator-block-count=8"
    "memorysetup-profiler-allocator-block-size=16777216"
    "memorysetup-profiler-editor-allocator-block-size=1048576"
    "memorysetup-temp-allocator-size-main=16777216"
    "memorysetup-job-temp-allocator-block-size=2097152"
    "memorysetup-job-temp-allocator-block-size-background=1048576"
    "memorysetup-job-temp-allocator-reduction-small-platforms=262144"
    "memorysetup-allocator-temp-initial-block-size-main=262144"
    "memorysetup-allocator-temp-initial-block-size-worker=262144"
    "memorysetup-temp-allocator-size-background-worker=32768"
    "memorysetup-temp-allocator-size-job-worker=262144"
    "memorysetup-temp-allocator-size-preload-manager=33554432"
    "memorysetup-temp-allocator-size-nav-mesh-worker=65536"
    "memorysetup-temp-allocator-size-audio-worker=65536"
    "memorysetup-temp-allocator-size-cloud-worker=32768"
    "memorysetup-temp-allocator-size-gi-baking-worker=262144"
    "memorysetup-temp-allocator-size-gfx=262144"
Player connection [7116] Host "[IP] 192.168.0.9 [Port] 0 [Flags] 2 [Guid] 4178995346 [EditorId] 4178995346 [Version] 1048832 [Id] WindowsEditor(7,DESKTOP-78KVH17) [Debug] 1 [PackageName] WindowsEditor [ProjectName] Editor" joined multi-casting on [225.0.0.222:54997]...

Player connection [7116] Host "[IP] 192.168.0.9 [Port] 0 [Flags] 2 [Guid] 4178995346 [EditorId] 4178995346 [Version] 1048832 [Id] WindowsEditor(7,DESKTOP-78KVH17) [Debug] 1 [PackageName] WindowsEditor [ProjectName] Editor" joined alternative multi-casting on [225.0.0.222:34997]...

Refreshing native plugins compatible for Editor in 3450.92 ms, found 3 plugins.
Preloading 0 native plugins for Editor in 0.00 ms.
Initialize engine version: 2022.3.5f1 (9674261d40ee)
[Subsystems] Discovering subsystems at path C:/Program Files/Unity/Hub/Editor/2022.3.5f1/Editor/Data/Resources/UnitySubsystems
[Subsystems] Discovering subsystems at path C:/Users/Electro pc/Desktop/My project (3)/Assets
GfxDevice: creating device client; threaded=0; jobified=0
Direct3D:
    Version:  Direct3D 11.0 [level 11.1]
    Renderer: NVIDIA GeForce RTX 3060 Ti (ID=0x2489)
    Vendor:   NVIDIA
    VRAM:     8024 MB
    Driver:   32.0.15.6094
Initialize mono
Mono path[0] = 'C:/Program Files/Unity/Hub/Editor/2022.3.5f1/Editor/Data/Managed'
Mono path[1] = 'C:/Program Files/Unity/Hub/Editor/2022.3.5f1/Editor/Data/MonoBleedingEdge/lib/mono/unityjit-win32'
Mono config path = 'C:/Program Files/Unity/Hub/Editor/2022.3.5f1/Editor/Data/MonoBleedingEdge/etc'
Using monoOptions --debugger-agent=transport=dt_socket,embedding=1,server=y,suspend=n,address=127.0.0.1:56656
Begin MonoManager ReloadAssembly
Registering precompiled unity dll's ...
Register platform support module: C:/Program Files/Unity/Hub/Editor/2022.3.5f1/Editor/Data/PlaybackEngines/WindowsStandaloneSupport/UnityEditor.WindowsStandalone.Extensions.dll
Registered in 0.153782 seconds.
- Loaded All Assemblies, in  3.027 seconds
Native extension for WindowsStandalone target not found
Mono: successfully reloaded assembly
- Finished resetting the current domain, in  0.285 seconds
Domain Reload Profiling: 3310ms
	BeginReloadAssembly (2614ms)
		ExecutionOrderSort (0ms)
		DisableScriptedObjects (0ms)
		BackupInstance (0ms)
		ReleaseScriptingObjects (0ms)
		CreateAndSetChildDomain (1ms)
	RebuildCommonClasses (36ms)
	RebuildNativeTypeToScriptingClass (10ms)
	initialDomainReloadingComplete (215ms)
	LoadAllAssembliesAndSetupDomain (150ms)
		LoadAssemblies (2618ms)
		RebuildTransferFunctionScriptingTraits (0ms)
		AnalyzeDomain (135ms)
			TypeCache.Refresh (134ms)
				TypeCache.ScanAssembly (121ms)
			ScanForSourceGeneratedMonoScriptInfo (0ms)
			ResolveRequiredComponents (1ms)
	FinalizeReload (286ms)
		ReleaseScriptCaches (0ms)
		RebuildScriptCaches (0ms)
		SetupLoadedEditorAssemblies (222ms)
			LogAssemblyErrors (0ms)
			InitializePlatformSupportModulesInManaged (9ms)
			SetLoadedEditorAssemblies (7ms)
			RefreshPlugins (0ms)
			BeforeProcessingInitializeOnLoad (2ms)
			ProcessInitializeOnLoadAttributes (143ms)
			ProcessInitializeOnLoadMethodAttributes (61ms)
			AfterProcessingInitializeOnLoad (0ms)
			EditorAssembliesLoaded (0ms)
		ExecutionOrderSort2 (0ms)
		AwakeInstancesAfterBackupRestoration (0ms)
========================================================================
Worker process is ready to serve import requests
Begin MonoManager ReloadAssembly
- Loaded All Assemblies, in 10.866 seconds
Refreshing native plugins compatible for Editor in 6.27 ms, found 3 plugins.
Native extension for WindowsStandalone target not found
Package Manager log level set to [2]
[Package Manager] Server::EnsureServerProcessIsRunning -- launch failed, reason: Unity was launched with the -noUpm command-line argument
[Package Manager] UpmClient::Send -- Unable to send message (not connected to UPM process).
[Package Manager] Cannot connect to Unity Package Manager local server
Mono: successfully reloaded assembly
- Finished resetting the current domain, in  0.867 seconds
Domain Reload Profiling: 11730ms
	BeginReloadAssembly (132ms)
		ExecutionOrderSort (0ms)
		DisableScriptedObjects (5ms)
		BackupInstance (0ms)
		ReleaseScriptingObjects (0ms)
		CreateAndSetChildDomain (29ms)
	RebuildCommonClasses (32ms)
	RebuildNativeTypeToScriptingClass (12ms)
	initialDomainReloadingComplete (47ms)
	LoadAllAssembliesAndSetupDomain (10641ms)
		LoadAssemblies (9878ms)
		RebuildTransferFunctionScriptingTraits (0ms)
		AnalyzeDomain (813ms)
			TypeCache.Refresh (752ms)
				TypeCache.ScanAssembly (729ms)
			ScanForSourceGeneratedMonoScriptInfo (46ms)
			ResolveRequiredComponents (15ms)
	FinalizeReload (867ms)
		ReleaseScriptCaches (0ms)
		RebuildScriptCaches (0ms)
		SetupLoadedEditorAssemblies (630ms)
			LogAssemblyErrors (0ms)
			InitializePlatformSupportModulesInManaged (6ms)
			SetLoadedEditorAssemblies (5ms)
			RefreshPlugins (0ms)
			BeforeProcessingInitializeOnLoad (102ms)
			ProcessInitializeOnLoadAttributes (405ms)
			ProcessInitializeOnLoadMethodAttributes (100ms)
			AfterProcessingInitializeOnLoad (11ms)
			EditorAssembliesLoaded (0ms)
		ExecutionOrderSort2 (0ms)
		AwakeInstancesAfterBackupRestoration (7ms)
Launched and connected shader compiler UnityShaderCompiler.exe after 0.40 seconds
Refreshing native plugins compatible for Editor in 8.35 ms, found 3 plugins.
Preloading 0 native plugins for Editor in 0.00 ms.
Unloading 6330 Unused Serialized files (Serialized files now loaded: 0)
Unloading 84 unused Assets / (1.2 MB). Loaded Objects now: 6794.
Memory consumption went from 246.5 MB to 245.3 MB.
Total: 6.937300 ms (FindLiveObjects: 0.692600 ms CreateObjectMapping: 0.702100 ms MarkObjects: 4.854300 ms  DeleteObjects: 0.686600 ms)

AssetImportParameters requested are different than current active one (requested -> active):
  custom:container-demuxer-ogg: 62fdf1f143b41e24485cea50d1cbac27 -> 
  custom:video-codec-MediaFoundation-h265: 746d11721c4dcdbdad8f713fa42b33f4 -> 
  custom:video-decoder-ogg-theora: a1e56fd34408186e4bbccfd4996cb3dc -> 
  custom:framework-win-MediaFoundation: 216162199b28c13a410421893ffa2e32 -> 
  custom:container-demuxer-webm: 4f35f7cbe854078d1ac9338744f61a02 -> 
  custom:container-muxer-webm: aa71ff27fc2769a1b78a27578f13a17b -> 
  custom:video-decoder-webm-vp8: 9c59270c3fd7afecdb556c50c9e8de78 -> 
  custom:AudioImporter_EditorPlatform: d09bf68614088b80899f8185d706f6e7 -> 
  custom:video-encoder-webm-vp8: eb34c28f22e8b96e1ab97ce403110664 -> 
  custom:audio-decoder-ogg-vorbis: bf7c407c2cedff20999df2af8eb42d56 -> 
  custom:audio-encoder-webm-vorbis: bf7c407c2cedff20999df2af8eb42d56 -> 
========================================================================
Received Import Request.
  Time since last request: 125650.801530 seconds.
  path: Assets/Scripts/other scripts to take info/Slots/Lesgogambling.mp3
  artifactKey: Guid(ba2ee5880d3f36f41803ae46f4572905) Importer(815301076,1909f56bfc062723c751e8b465ee728b)
Start importing Assets/Scripts/other scripts to take info/Slots/Lesgogambling.mp3 using Guid(ba2ee5880d3f36f41803ae46f4572905) Importer(815301076,1909f56bfc062723c751e8b465ee728b)  -> (artifact id: '8cb69815922c278906aa7abde758c81d') in 0.019801 seconds
Number of updated asset objects reloaded before import = 0
Number of asset objects unloaded after import = 1
========================================================================
Received Import Request.
  Time since last request: 0.000040 seconds.
  path: Assets/Art/Textures/AmbientOcclusionMap.png
  artifactKey: Guid(b94a15438a1d1114cb736dd358dd4880) Importer(815301076,1909f56bfc062723c751e8b465ee728b)
Start importing Assets/Art/Textures/AmbientOcclusionMap.png using Guid(b94a15438a1d1114cb736dd358dd4880) Importer(815301076,1909f56bfc062723c751e8b465ee728b)  -> (artifact id: '7f7e37142f4d51c4d6ee19d8f7063af1') in 0.009949 seconds
Number of updated asset objects reloaded before import = 0
Number of asset objects unloaded after import = 1
========================================================================
Received Import Request.
  Time since last request: 0.000018 seconds.
  path: Assets/Scripts/other scripts to take info/Slots/AwwDingIt.mp3
  artifactKey: Guid(23658ab5174ffa7408c8ac72f17ca58b) Importer(815301076,1909f56bfc062723c751e8b465ee728b)
Start importing Assets/Scripts/other scripts to take info/Slots/AwwDingIt.mp3 using Guid(23658ab5174ffa7408c8ac72f17ca58b) Importer(815301076,1909f56bfc062723c751e8b465ee728b)  -> (artifact id: '5f74a078ed64e5b4be87d3f11428ad23') in 0.001631 seconds
Number of updated asset objects reloaded before import = 0
Number of asset objects unloaded after import = 1
========================================================================
Received Import Request.
  Time since last request: 0.000016 seconds.
  path: Assets/Halloween/Poly Halloween/- Meshes/Halloween/gate-graveyard.fbx
  artifactKey: Guid(eab25d0fbde50624694d6a47f3a5dbe7) Importer(815301076,1909f56bfc062723c751e8b465ee728b)
Start importing Assets/Halloween/Poly Halloween/- Meshes/Halloween/gate-graveyard.fbx using Guid(eab25d0fbde50624694d6a47f3a5dbe7) Importer(815301076,1909f56bfc062723c751e8b465ee728b)  -> (artifact id: '164178fec93f919b0105d2ce526e5309') in 0.005785 seconds
Number of updated asset objects reloaded before import = 0
Number of asset objects unloaded after import = 18
========================================================================
Received Import Request.
  Time since last request: 0.000017 seconds.
  path: Assets/Halloween/Poly Halloween/- Meshes/Halloween/gibbet.fbx
  artifactKey: Guid(8fd3a4cf67066bb4bbfe56d642be1efa) Importer(815301076,1909f56bfc062723c751e8b465ee728b)
Start importing Assets/Halloween/Poly Halloween/- Meshes/Halloween/gibbet.fbx using Guid(8fd3a4cf67066bb4bbfe56d642be1efa) Importer(815301076,1909f56bfc062723c751e8b465ee728b)  -> (artifact id: '182926e80e71cbdc5f0c2cf057b1b4e3') in 0.004136 seconds
Number of updated asset objects reloaded before import = 0
Number of asset objects unloaded after import = 13
========================================================================
Received Import Request.
  Time since last request: 0.000015 seconds.
  path: Assets/Scripts/other scripts to take info
  artifactKey: Guid(f0899717a2b373b46906783b9722b15e) Importer(815301076,1909f56bfc062723c751e8b465ee728b)
Start importing Assets/Scripts/other scripts to take info using Guid(f0899717a2b373b46906783b9722b15e) Importer(815301076,1909f56bfc062723c751e8b465ee728b)  -> (artifact id: 'baaf3dbcaa9f6d745d96005b9cf82433') in 0.000647 seconds
Number of updated asset objects reloaded before import = 0
Number of asset objects unloaded after import = 0
========================================================================
Received Import Request.
  Time since last request: 0.000023 seconds.
  path: Assets/Prefabs/Jogador/SpringArm.prefab
  artifactKey: Guid(1c30b45c35c68f540bbfd0d4a2531cca) Importer(815301076,1909f56bfc062723c751e8b465ee728b)
Start importing Assets/Prefabs/Jogador/SpringArm.prefab using Guid(1c30b45c35c68f540bbfd0d4a2531cca) Importer(815301076,1909f56bfc062723c751e8b465ee728b)  -> (artifact id: '59509a78e5b9f215909f0c2c5d6c1fd2') in 0.004484 seconds
Number of updated asset objects reloaded before import = 0
Number of asset objects unloaded after import = 11
========================================================================
Received Import Request.
  Time since last request: 0.000019 seconds.
  path: Assets/Halloween/Poly Halloween/- Meshes/People/boy-ghost-halloween.fbx
  artifactKey: Guid(151f919332d381d4d88199314e3443c1) Importer(815301076,1909f56bfc062723c751e8b465ee728b)
Start importing Assets/Halloween/Poly Halloween/- Meshes/People/boy-ghost-halloween.fbx using Guid(151f919332d381d4d88199314e3443c1) Importer(815301076,1909f56bfc062723c751e8b465ee728b)  -> (artifact id: '34ed67d13c43a24c2538350fc4a575c0') in 0.003553 seconds
Number of updated asset objects reloaded before import = 0
Number of asset objects unloaded after import = 167
========================================================================
Received Import Request.
  Time since last request: 0.000016 seconds.
  path: Assets/Cositas/Smoke/360_F_541631242_Jc9kgzgUikfjKdPWpd0Fh4545crO4IHS.jpg
  artifactKey: Guid(85af805a488921d40ae7c8c3ff5498ae) Importer(815301076,1909f56bfc062723c751e8b465ee728b)
Start importing Assets/Cositas/Smoke/360_F_541631242_Jc9kgzgUikfjKdPWpd0Fh4545crO4IHS.jpg using Guid(85af805a488921d40ae7c8c3ff5498ae) Importer(815301076,1909f56bfc062723c751e8b465ee728b)  -> (artifact id: 'ce5907f60a5ee1c9eebcaca6a42f9f08') in 0.002666 seconds
Number of updated asset objects reloaded before import = 0
Number of asset objects unloaded after import = 1
Editor requested this worker to shutdown with reason: Scaling down because of idle timeout
TcpMessagingSession - receive error: operation aborted. errorcode: 995, details: La operación de E/S se anuló por una salida de subproceso o por una solicitud de aplicación.
AssetImportWorker is now disconnected from the server
Process exiting
Exiting without the bug reporter. Application will terminate with return code 0